<?xml version="1.0" encoding="UTF-8"?>
<testsuite name="com.phonebook.tests.AddContactTests" tests="4" skipped="0" failures="0" errors="0" timestamp="2025-08-06T10:49:46" hostname="iras-Laptop" time="35.241">
  <properties/>
  <testcase name="addContactFromDataProviderWithCsvFilePositiveTest[0](Contact{name='Oliver', phone='1234567890'})" classname="com.phonebook.tests.AddContactTests" time="1.676"/>
  <testcase name="addContactFromDataProviderWithCsvFilePositiveTest[1](Contact{name='Oliver1', phone='12345678901'})" classname="com.phonebook.tests.AddContactTests" time="0.91"/>
  <testcase name="addContactFromDataProviderWithCsvFilePositiveTest[2](Contact{name='Oliver2', phone='12345678901234'})" classname="com.phonebook.tests.AddContactTests" time="0.893"/>
  <testcase name="addContactFromDataProviderWithCsvFilePositiveTest[3](Contact{name='Oliver3', phone='123456789012345'})" classname="com.phonebook.tests.AddContactTests" time="0.898"/>
  <system-out><![CDATA[12:49:45.831 [Test worker] INFO  com.phonebook.core.TestBase -- Start test addContactFromDataProviderWithCsvFilePositiveTest with data: [Contact{name='Oliver', phone='1234567890'}]
12:49:47.877 [Test worker] INFO  com.phonebook.core.TestBase -- PASSED: addContactFromDataProviderWithCsvFilePositiveTest
12:49:47.878 [Test worker] INFO  com.phonebook.core.TestBase -- Stop test
12:49:47.878 [Test worker] INFO  com.phonebook.core.TestBase -- ********************************************
12:49:47.879 [Test worker] INFO  com.phonebook.core.TestBase -- Start test addContactFromDataProviderWithCsvFilePositiveTest with data: [Contact{name='Oliver1', phone='12345678901'}]
12:49:59.056 [Test worker] INFO  com.phonebook.core.TestBase -- PASSED: addContactFromDataProviderWithCsvFilePositiveTest
12:49:59.057 [Test worker] INFO  com.phonebook.core.TestBase -- Stop test
12:49:59.057 [Test worker] INFO  com.phonebook.core.TestBase -- ********************************************
12:49:59.057 [Test worker] INFO  com.phonebook.core.TestBase -- Start test addContactFromDataProviderWithCsvFilePositiveTest with data: [Contact{name='Oliver2', phone='12345678901234'}]
12:50:10.238 [Test worker] INFO  com.phonebook.core.TestBase -- PASSED: addContactFromDataProviderWithCsvFilePositiveTest
12:50:10.239 [Test worker] INFO  com.phonebook.core.TestBase -- Stop test
12:50:10.239 [Test worker] INFO  com.phonebook.core.TestBase -- ********************************************
12:50:10.239 [Test worker] INFO  com.phonebook.core.TestBase -- Start test addContactFromDataProviderWithCsvFilePositiveTest with data: [Contact{name='Oliver3', phone='123456789012345'}]
12:50:21.424 [Test worker] INFO  com.phonebook.core.TestBase -- PASSED: addContactFromDataProviderWithCsvFilePositiveTest
12:50:21.424 [Test worker] INFO  com.phonebook.core.TestBase -- Stop test
12:50:21.424 [Test worker] INFO  com.phonebook.core.TestBase -- ********************************************
]]></system-out>
  <system-err><![CDATA[]]></system-err>
</testsuite>
