<?xml version="1.0" encoding="UTF-8"?>
<testsuite name="com.phonebook.tests.HomePageTests" tests="1" skipped="0" failures="0" errors="0" timestamp="2025-08-06T07:45:51" hostname="iras-Laptop.local" time="0.012">
  <properties/>
  <testcase name="isHomeComponentPresentTest" classname="com.phonebook.tests.HomePageTests" time="0.012"/>
  <system-out><![CDATA[]]></system-out>
  <system-err><![CDATA[]]></system-err>
</testsuite>
